Arguments: 
  C:\Program Files\nodejs\node.exe C:\Users\Jono\AppData\Roaming\npm\node_modules\yarn\bin\yarn.js add gatsby-plugin-smoothscroll

PATH: 
  C:\Users\Jono\bin;C:\Program Files\Git\mingw64\bin;C:\Program Files\Git\usr\local\bin;C:\Program Files\Git\usr\bin;C:\Program Files\Git\usr\bin;C:\Program Files\Git\mingw64\bin;C:\Program Files\Git\usr\bin;C:\Users\Jono\bin;C:\Python310\Scripts;C:\Python310;C:\Program Files (x86)\Razer Chroma SDK\bin;C:\Program Files\Razer Chroma SDK\bin;C:\Program Files (x86)\Razer\ChromaBroadcast\bin;C:\Program Files\Razer\ChromaBroadcast\bin;C:\Program Files (x86)\Common Files\Oracle\Java\javapath;C:\Windows\system32;C:\Windows;C:\Windows\System32\Wbem;C:\Windows\System32\WindowsPowerShell\v1.0;C:\Windows\System32\OpenSSH;C:\Program Files (x86)\NVIDIA Corporation\PhysX\Common;C:\Windows\system32\config\systemprofile\AppData\Local\Microsoft\WindowsApps;C:\Program Files\dotnet;C:\Program Files\nodejs;C:\ProgramData\chocolatey\bin;C:\Program Files\Git\cmd;C:\Users\Jono\AppData\Local\Microsoft\WindowsApps;C:\Users\Jono\AppData\Roaming\npm;C:\Program Files\MySQL\MySQL Server 8.0\bin;C:\Users\Jono\AppData\Local\Programs\Microsoft VS Code\bin;C:\Program Files\MongoDB\Server\5.0\bin;C:\Program Files\heroku\bin;C:\Program Files\Git\usr\bin\vendor_perl;C:\Program Files\Git\usr\bin\core_perl

Yarn version: 
  1.22.19

Node version: 
  16.13.2

Platform: 
  win32 x64

Trace: 
  Error: EPERM: operation not permitted, unlink 'C:\Users\Jono\Projects\flos-detailing\node_modules\@msgpackr-extract\msgpackr-extract-win32-x64\node.abi93.node'

npm manifest: 
  {
    "name": "gatsby-starter-contentful-homepage-ts",
    "version": "1.0.0",
    "scripts": {
      "start": "gatsby develop",
      "develop": "gatsby develop",
      "build": "gatsby build",
      "serve": "gatsby serve",
      "clean": "gatsby clean",
      "setup": "node ./scripts/setup.js",
      "export-content": "contentful space export --space-id=$SPACE_ID --management-token=$MANAGEMENT_TOKEN --export-dir=scripts --content-file=data.json"
    },
    "dependencies": {
      "@contentful/rich-text-html-renderer": "^15.11.1",
      "gatsby-plugin-manifest": "^4.6.0",
      "gatsby-plugin-react-helmet": "^5.5.0",
      "gatsby-source-contentful": "^7.14.0",
      "react-helmet": "^6.1.0",
      "@fontsource/dm-mono": "^4.5.4",
      "@fontsource/dm-sans": "^4.5.3",
      "@vanilla-extract/babel-plugin": "^1.1.4",
      "@vanilla-extract/css": "^1.6.8",
      "@vanilla-extract/css-utils": "^0.1.2",
      "@vanilla-extract/webpack-plugin": "^2.1.5",
      "gatsby": "^4.15.1",
      "gatsby-plugin-image": "^2.15.0",
      "gatsby-plugin-sharp": "^4.15.0",
      "gatsby-plugin-vanilla-extract": "^2.0.1",
      "gatsby-source-filesystem": "^4.15.0",
      "gatsby-transformer-sharp": "^4.15.0",
      "is-absolute-url": "^4.0.1",
      "react": "^17.0.2",
      "react-dom": "^17.0.2",
      "react-feather": "^2.0.9",
      "sharp": "^0.30.5"
    },
    "devDependencies": {
      "chalk": "4",
      "contentful-cli": "^1.10.0",
      "contentful-import": "^8.2.28",
      "inquirer": "^8.2.0",
      "yargs-parser": "^21.0.0",
      "prettier": "2.5.1",
      "husky": "^7.0.4",
      "lint-staged": "^12.3.5",
      "typescript": "^4.6.2"
    }
  }

yarn manifest: 
  No manifest

Lockfile: 
  No lockfile
